[01m[K/home/zheng/catkin_ws/src/panda_mpc/src/controller/controller.cpp:[m[K In member function '[01m[KEigen::VectorXd Controller::Controller::Update(const VectorXd&, const VectorXd&, const ros::Duration&)[m[K':
[01m[K/home/zheng/catkin_ws/src/panda_mpc/src/controller/controller.cpp:212:5:[m[K [01;31m[Kerror: [m[K'[01m[Kdo_publishing[m[K' was not declared in this scope
     [01;31m[Kdo_publishing[m[K();
     [01;31m[K^~~~~~~~~~~~~[m[K
[01m[K/home/zheng/catkin_ws/src/panda_mpc/src/controller/controller.cpp:212:5:[m[K [01;36m[Knote: [m[Ksuggested alternative: '[01m[Kinit_publishers[m[K'
     [01;36m[Kdo_publishing[m[K();
     [01;36m[K^~~~~~~~~~~~~[m[K
     [32m[Kinit_publishers[m[K
[01m[K/home/zheng/catkin_ws/src/panda_mpc/src/controller/controller.cpp:[m[K At global scope:
[01m[K/home/zheng/catkin_ws/src/panda_mpc/src/controller/controller.cpp:285:36:[m[K [01;31m[Kerror: [m[Kno '[01m[Kvoid Controller::Controller::publishTrajectory()[m[K' member function declared in class '[01m[KController::Controller[m[K'
 void Controller::publishTrajectory([01;31m[K)[m[K
                                    [01;31m[K^[m[K
make[2]: *** [CMakeFiles/panda_mpc.dir/src/controller/controller.cpp.o] Error 1
make[2]: *** Waiting for unfinished jobs....
make[1]: *** [CMakeFiles/panda_mpc.dir/all] Error 2
make: *** [all] Error 2
