[01m[K/home/zheng/catkin_ws/src/panda_mpc/src/controller.cpp:370:78:[m[K [01;31m[Kerror: [m[K'[01m[Kbool Controller::updateTrajectoryPoint(const Ptr&)[m[K' should have been declared inside '[01m[KController[m[K'
 bool Controller::updateTrajectoryPoint(const geometry_msgs::Twist::Ptr& point[01;31m[K)[m[K{
                                                                              [01;31m[K^[m[K
[01m[K/home/zheng/catkin_ws/src/panda_mpc/src/controller.cpp:378:1:[m[K [01;31m[Kerror: [m[Kexpected declaration before '[01m[K}[m[K' token
 [01;31m[K}[m[K
 [01;31m[K^[m[K
make[2]: *** [CMakeFiles/panda_mpc.dir/src/controller.cpp.o] Error 1
make[2]: *** Waiting for unfinished jobs....
make[1]: *** [CMakeFiles/panda_mpc.dir/all] Error 2
make: *** [all] Error 2
