[01m[K/home/zheng/catkin_ws/src/panda_mpc/src/controller.cpp:6:6:[m[K [01;31m[Kerror: [m[Kprototype for '[01m[Kbool Controller::Controller::Init(ros::NodeHandle&, Eigen::VectorXd, Eigen::VectorXd)[m[K' does not match any in class '[01m[KController::Controller[m[K'
 bool [01;31m[KController[m[K::Init(ros::NodeHandle& node_handle, Eigen::VectorXd q_init, Eigen::VectorXd qd_init)
      [01;31m[K^~~~~~~~~~[m[K
In file included from [01m[K/home/zheng/catkin_ws/src/panda_mpc/src/controller.cpp:1:0[m[K:
[01m[K/home/zheng/catkin_ws/src/panda_mpc/include/controller/controller.hpp:59:8:[m[K [01;31m[Kerror: [m[Kcandidate is: bool Controller::Controller::Init(ros::NodeHandle&, const VectorXd&, const VectorXd&)
   bool [01;31m[KInit[m[K(ros::NodeHandle& nh, const Eigen::VectorXd &q_init , const Eigen::VectorXd &qd_init );
        [01;31m[K^~~~[m[K
[01m[K/home/zheng/catkin_ws/src/panda_mpc/src/controller.cpp:77:102:[m[K [01;31m[Kerror: [m[Kno '[01m[KEigen::VectorXd Controller::Controller::update(Eigen::VectorXd, Eigen::VectorXd, const ros::Duration&)[m[K' member function declared in class '[01m[KController::Controller[m[K'
 Eigen::VectorXd Controller::update(Eigen::VectorXd q, Eigen::VectorXd qd, const ros::Duration& period[01;31m[K)[m[K
                                                                                                      [01;31m[K^[m[K
[01m[K/home/zheng/catkin_ws/src/panda_mpc/src/controller.cpp:[m[K In member function '[01m[Kvoid Controller::Controller::publishTrajectory()[m[K':
[01m[K/home/zheng/catkin_ws/src/panda_mpc/src/controller.cpp:184:9:[m[K [01;31m[Kerror: [m[K'[01m[Kpose_array_publisher[m[K' was not declared in this scope
     if ([01;31m[Kpose_array_publisher[m[K.trylock())
         [01;31m[K^~~~~~~~~~~~~~~~~~~~[m[K
[01m[K/home/zheng/catkin_ws/src/panda_mpc/src/controller.cpp:184:9:[m[K [01;36m[Knote: [m[Ksuggested alternative: '[01m[Kpose_array_publisher_[m[K'
     if ([01;36m[Kpose_array_publisher[m[K.trylock())
         [01;36m[K^~~~~~~~~~~~~~~~~~~~[m[K
         [32m[Kpose_array_publisher_[m[K
[01m[K/home/zheng/catkin_ws/src/panda_mpc/src/controller.cpp:191:9:[m[K [01;31m[Kerror: [m[K'[01m[Kpath_publisher[m[K' was not declared in this scope
     if ([01;31m[Kpath_publisher[m[K.trylock())
         [01;31m[K^~~~~~~~~~~~~~[m[K
[01m[K/home/zheng/catkin_ws/src/panda_mpc/src/controller.cpp:191:9:[m[K [01;36m[Knote: [m[Ksuggested alternative: '[01m[Kpath_publisher_[m[K'
     if ([01;36m[Kpath_publisher[m[K.trylock())
         [01;36m[K^~~~~~~~~~~~~~[m[K
         [32m[Kpath_publisher_[m[K
[01m[K/home/zheng/catkin_ws/src/panda_mpc/src/controller.cpp:[m[K In member function '[01m[Kvoid Controller::Controller::init_publishers(ros::NodeHandle&)[m[K':
[01m[K/home/zheng/catkin_ws/src/panda_mpc/src/controller.cpp:203:5:[m[K [01;31m[Kerror: [m[K'[01m[Kpose_array_publisher[m[K' was not declared in this scope
     [01;31m[Kpose_array_publisher[m[K.init(node_handle, "Pose_array", 1);
     [01;31m[K^~~~~~~~~~~~~~~~~~~~[m[K
[01m[K/home/zheng/catkin_ws/src/panda_mpc/src/controller.cpp:203:5:[m[K [01;36m[Knote: [m[Ksuggested alternative: '[01m[Kpose_array_publisher_[m[K'
     [01;36m[Kpose_array_publisher[m[K.init(node_handle, "Pose_array", 1);
     [01;36m[K^~~~~~~~~~~~~~~~~~~~[m[K
     [32m[Kpose_array_publisher_[m[K
[01m[K/home/zheng/catkin_ws/src/panda_mpc/src/controller.cpp:204:5:[m[K [01;31m[Kerror: [m[K'[01m[Kpath_publisher[m[K' was not declared in this scope
     [01;31m[Kpath_publisher[m[K.init(node_handle, "Ros_Path", 1);
     [01;31m[K^~~~~~~~~~~~~~[m[K
[01m[K/home/zheng/catkin_ws/src/panda_mpc/src/controller.cpp:204:5:[m[K [01;36m[Knote: [m[Ksuggested alternative: '[01m[Kpath_publisher_[m[K'
     [01;36m[Kpath_publisher[m[K.init(node_handle, "Ros_Path", 1);
     [01;36m[K^~~~~~~~~~~~~~[m[K
     [32m[Kpath_publisher_[m[K
[01m[K/home/zheng/catkin_ws/src/panda_mpc/src/controller.cpp:[m[K At global scope:
[01m[K/home/zheng/catkin_ws/src/panda_mpc/src/controller.cpp:228:6:[m[K [01;31m[Kerror: [m[Kprototype for '[01m[Kbool Controller::Controller::load_robot(ros::NodeHandle&)[m[K' does not match any in class '[01m[KController::Controller[m[K'
 bool [01;31m[KController[m[K::load_robot(ros::NodeHandle& node_handle)
      [01;31m[K^~~~~~~~~~[m[K
In file included from [01m[K/home/zheng/catkin_ws/src/panda_mpc/src/controller.cpp:1:0[m[K:
[01m[K/home/zheng/catkin_ws/src/panda_mpc/include/controller/controller.hpp:131:8:[m[K [01;31m[Kerror: [m[Kcandidate is: bool Controller::Controller::load_robot(ros::NodeHandle&, const VectorXd&, Eigen::VectorXd)
   bool [01;31m[Kload_robot[m[K(ros::NodeHandle& nh, const Eigen::VectorXd& q_init, const Eigen::VectorXd qd_init);
        [01;31m[K^~~~~~~~~~[m[K
[01m[K/home/zheng/catkin_ws/src/panda_mpc/src/controller.cpp:[m[K In member function '[01m[Kvoid Controller::Controller::do_publishing()[m[K':
[01m[K/home/zheng/catkin_ws/src/panda_mpc/src/controller.cpp:300:9:[m[K [01;31m[Kerror: [m[K'[01m[Kpose_curr_publisher[m[K' was not declared in this scope
     if ([01;31m[Kpose_curr_publisher[m[K.trylock())
         [01;31m[K^~~~~~~~~~~~~~~~~~~[m[K
[01m[K/home/zheng/catkin_ws/src/panda_mpc/src/controller.cpp:300:9:[m[K [01;36m[Knote: [m[Ksuggested alternative: '[01m[Kpose_curr_publisher_[m[K'
     if ([01;36m[Kpose_curr_publisher[m[K.trylock())
         [01;36m[K^~~~~~~~~~~~~~~~~~~[m[K
         [32m[Kpose_curr_publisher_[m[K
[01m[K/home/zheng/catkin_ws/src/panda_mpc/src/controller.cpp:311:9:[m[K [01;31m[Kerror: [m[K'[01m[Kpose_des_publisher[m[K' was not declared in this scope
     if ([01;31m[Kpose_des_publisher[m[K.trylock())
         [01;31m[K^~~~~~~~~~~~~~~~~~[m[K
[01m[K/home/zheng/catkin_ws/src/panda_mpc/src/controller.cpp:311:9:[m[K [01;36m[Knote: [m[Ksuggested alternative: '[01m[Kpose_des_publisher_[m[K'
     if ([01;36m[Kpose_des_publisher[m[K.trylock())
         [01;36m[K^~~~~~~~~~~~~~~~~~[m[K
         [32m[Kpose_des_publisher_[m[K
make[2]: *** [CMakeFiles/panda_mpc.dir/src/controller.cpp.o] Error 1
make[2]: *** Waiting for unfinished jobs....
make[1]: *** [CMakeFiles/panda_mpc.dir/all] Error 2
make: *** [all] Error 2
