[01m[K/home/zheng/catkin_ws/src/panda_mpc/examples/trajectory_send.cpp:[m[K In function '[01m[Kint main(int, char**)[m[K':
[01m[K/home/zheng/catkin_ws/src/panda_mpc/examples/trajectory_send.cpp:323:19:[m[K [01;31m[Kerror: [m[K'[01m[Kclass pointSender[m[K' has no member named '[01m[KsepticTimeScalingTest[m[K'
       point_send_.[01;31m[KsepticTimeScalingTest[m[K(jnt_start, jnt_end);
                   [01;31m[K^~~~~~~~~~~~~~~~~~~~~[m[K
make[2]: *** [examples/CMakeFiles/trajectory_send.dir/trajectory_send.cpp.o] Error 1
make[1]: *** [examples/CMakeFiles/trajectory_send.dir/all] Error 2
make: *** [all] Error 2
