[01m[K/home/zheng/catkin_ws/src/panda_mpc/src/planning/plane_solver_old.cpp:[m[K In member function '[01m[Kbool PlaneSolver::solve()[m[K':
[01m[K/home/zheng/catkin_ws/src/panda_mpc/src/planning/plane_solver_old.cpp:170:55:[m[K [01;31m[Kerror: [m[K'[01m[KqpPlane_[m[K' was not declared in this scope
               std::cout <<"qpProblem status is : " << [01;31m[KqpPlane_[m[K->getStatus()<<'\n';
                                                       [01;31m[K^~~~~~~~[m[K
make[2]: *** [CMakeFiles/panda_mpc.dir/src/planning/plane_solver_old.cpp.o] Error 1
make[1]: *** [CMakeFiles/panda_mpc.dir/all] Error 2
make: *** [all] Error 2
