[01m[K/home/zheng/catkin_ws/src/panda_mpc/examples/trajectory_send.cpp:[m[K In constructor '[01m[KTrajectSenderNode::TrajectSenderNode(ros::NodeHandle&, Eigen::VectorXd, Eigen::VectorXd)[m[K':
[01m[K/home/zheng/catkin_ws/src/panda_mpc/examples/trajectory_send.cpp:78:32:[m[K [01;31m[Kerror: [m[Kfound '[01m[K:[m[K' in nested-name-specifier, expected '[01m[K::[m[K'
     q_in.q.data =  goal_A_.data[01;31m[K:[m[K
                                [01;31m[K^[m[K
[01m[K/home/zheng/catkin_ws/src/panda_mpc/examples/trajectory_send.cpp:78:28:[m[K [01;31m[Kerror: [m[K'[01m[Kdata[m[K' is not a class, namespace, or enumeration
     q_in.q.data =  goal_A_.[01;31m[Kdata[m[K:
                            [01;31m[K^~~~[m[K
make[2]: *** [examples/CMakeFiles/trajectory_send.dir/trajectory_send.cpp.o] Error 1
make[1]: *** [examples/CMakeFiles/trajectory_send.dir/all] Error 2
make: *** [all] Error 2
