[01m[K/home/zheng/catkin_ws/src/panda_mpc/src/controller.cpp:[m[K In member function '[01m[Kbool Controller::Controller::Init(ros::NodeHandle&, const VectorXd&, const VectorXd&)[m[K':
[01m[K/home/zheng/catkin_ws/src/panda_mpc/src/controller.cpp:73:5:[m[K [01;31m[Kerror: [m[K'[01m[Knext_pts_[m[K' was not declared in this scope
     [01;31m[Knext_pts_[m[K.M= X_curr_.M ;
     [01;31m[K^~~~~~~~~[m[K
[01m[K/home/zheng/catkin_ws/src/panda_mpc/src/controller.cpp:73:5:[m[K [01;36m[Knote: [m[Ksuggested alternative: '[01m[Knext_vel_[m[K'
     [01;36m[Knext_pts_[m[K.M= X_curr_.M ;
     [01;36m[K^~~~~~~~~[m[K
     [32m[Knext_vel_[m[K
make[2]: *** [CMakeFiles/panda_mpc.dir/src/controller.cpp.o] Error 1
make[2]: *** Waiting for unfinished jobs....
make[1]: *** [CMakeFiles/panda_mpc.dir/all] Error 2
make: *** [all] Error 2
