In file included from [01m[K/home/zheng/catkin_ws/src/panda_mpc/src/planning/plane_solver.cpp:1:0[m[K:
[01m[K/home/zheng/catkin_ws/src/panda_mpc/include/planning/plane_solver.h:[m[K In constructor '[01m[Kplanning::planeSolver::planeSolver(int, double)[m[K':
[01m[K/home/zheng/catkin_ws/src/panda_mpc/include/planning/plane_solver.h:35:7:[m[K [01;31m[Kerror: [m[K'[01m[KE_[m[K' was not declared in this scope
       [01;31m[KE_[m[K.resize(5,5);
       [01;31m[K^~[m[K
[01m[K/home/zheng/catkin_ws/src/panda_mpc/include/planning/plane_solver.h:35:7:[m[K [01;36m[Knote: [m[Ksuggested alternative: '[01m[KE[m[K'
       [01;36m[KE_[m[K.resize(5,5);
       [01;36m[K^~[m[K
       [32m[KE[m[K
In file included from [01m[K/home/zheng/catkin_ws/src/panda_mpc/include/planning/plane.h:10:0[m[K,
                 from [01m[K/home/zheng/catkin_ws/src/panda_mpc/src/planning/plane.cpp:1[m[K:
[01m[K/home/zheng/catkin_ws/src/panda_mpc/include/planning/plane_solver.h:[m[K In constructor '[01m[Kplanning::planeSolver::planeSolver(int, double)[m[K':
[01m[K/home/zheng/catkin_ws/src/panda_mpc/include/planning/plane_solver.h:35:7:[m[K [01;31m[Kerror: [m[K'[01m[KE_[m[K' was not declared in this scope
       [01;31m[KE_[m[K.resize(5,5);
       [01;31m[K^~[m[K
[01m[K/home/zheng/catkin_ws/src/panda_mpc/include/planning/plane_solver.h:35:7:[m[K [01;36m[Knote: [m[Ksuggested alternative: '[01m[KE[m[K'
       [01;36m[KE_[m[K.resize(5,5);
       [01;36m[K^~[m[K
       [32m[KE[m[K
make[2]: *** [CMakeFiles/panda_mpc.dir/src/planning/plane_solver.cpp.o] Error 1
make[2]: *** Waiting for unfinished jobs....
make[2]: *** [CMakeFiles/panda_mpc.dir/src/planning/plane.cpp.o] Error 1
make[1]: *** [CMakeFiles/panda_mpc.dir/all] Error 2
make: *** [all] Error 2
