[01m[K/home/zheng/catkin_ws/src/panda_mpc/examples/qptest.cpp:41:10:[m[K [01;31m[Kfatal error: [m[Krobot/panda_controller.h: No such file or directory
 #include [01;31m[K"robot/panda_controller.h"[m[K
          [01;31m[K^~~~~~~~~~~~~~~~~~~~~~~~~~[m[K
compilation terminated.
make[2]: *** [examples/CMakeFiles/qptest.dir/qptest.cpp.o] Error 1
make[1]: *** [examples/CMakeFiles/qptest.dir/all] Error 2
make[1]: *** Waiting for unfinished jobs....
make: *** [all] Error 2
