In file included from [01m[K/home/zheng/catkin_ws/src/panda_mpc/src/planning/traj_generation.cpp:1:0[m[K:
[01m[K/home/zheng/catkin_ws/src/panda_mpc/include/planning/traj_generation.hpp:[m[K In member function '[01m[Kvoid planning::trajGen::computeJntPosHorizon(Eigen::VectorXd, Eigen::VectorXd)[m[K':
[01m[K/home/zheng/catkin_ws/src/panda_mpc/include/planning/traj_generation.hpp:147:23:[m[K [01;31m[Kerror: [m[K'[01m[Kusing element_type = class robot::RobotMPcModel {aka class robot::RobotMPcModel}[m[K' has no member named '[01m[KcomputeJntPosHorizon[m[K'; did you mean '[01m[KcomputeJacobianHorizon[m[K'?
     robot_mpc_model_->[01;31m[KcomputeJntPosHorizon[m[K(state, solution);
                       [01;31m[K^~~~~~~~~~~~~~~~~~~~[m[K
                       [32m[KcomputeJacobianHorizon[m[K
[01m[K/home/zheng/catkin_ws/src/panda_mpc/include/planning/traj_generation.hpp:[m[K In member function '[01m[Kvoid planning::trajGen::computeJntVelHorizon(Eigen::VectorXd, Eigen::VectorXd)[m[K':
[01m[K/home/zheng/catkin_ws/src/panda_mpc/include/planning/traj_generation.hpp:152:23:[m[K [01;31m[Kerror: [m[K'[01m[Kusing element_type = class robot::RobotMPcModel {aka class robot::RobotMPcModel}[m[K' has no member named '[01m[KcomputeJntVelHorizon[m[K'; did you mean '[01m[KgetJntVelHorizon[m[K'?
     robot_mpc_model_->[01;31m[KcomputeJntVelHorizon[m[K(state, solution);
                       [01;31m[K^~~~~~~~~~~~~~~~~~~~[m[K
                       [32m[KgetJntVelHorizon[m[K
make[2]: *** [CMakeFiles/panda_mpc.dir/src/planning/traj_generation.cpp.o] Error 1
make[2]: *** Waiting for unfinished jobs....
make[1]: *** [CMakeFiles/panda_mpc.dir/all] Error 2
make: *** [all] Error 2
