In file included from [01m[K/home/zheng/catkin_ws/src/panda_mpc/src/robot_model.cpp:1:0[m[K:
[01m[K/home/zheng/catkin_ws/src/panda_mpc/include/robot/robot_model.h:[m[K In constructor '[01m[Krobot::robotModel::robotModel(ros::NodeHandle&, const string&, const string&, const string&)[m[K':
[01m[K/home/zheng/catkin_ws/src/panda_mpc/include/robot/robot_model.h:40:3:[m[K [01;31m[Kerror: [m[Kexpected '[01m[K;[m[K' before '[01m[K}[m[K' token
   [01;31m[K}[m[K
   [01;31m[K^[m[K
In file included from [01m[K/home/zheng/catkin_ws/src/panda_mpc/include/controller/controller.hpp:42:0[m[K,
                 from [01m[K/home/zheng/catkin_ws/src/panda_mpc/src/controller.cpp:1[m[K:
[01m[K/home/zheng/catkin_ws/src/panda_mpc/include/robot/robot_model.h:[m[K In constructor '[01m[Krobot::robotModel::robotModel(ros::NodeHandle&, const string&, const string&, const string&)[m[K':
[01m[K/home/zheng/catkin_ws/src/panda_mpc/include/robot/robot_model.h:40:3:[m[K [01;31m[Kerror: [m[Kexpected '[01m[K;[m[K' before '[01m[K}[m[K' token
   [01;31m[K}[m[K
   [01;31m[K^[m[K
make[2]: *** [CMakeFiles/panda_mpc.dir/src/robot_model.cpp.o] Error 1
make[2]: *** Waiting for unfinished jobs....
In file included from [01m[K/home/zheng/catkin_ws/src/panda_mpc/include/controller/controller.hpp:42:0[m[K,
                 from [01m[K/home/zheng/catkin_ws/src/panda_mpc/include/robot/panda_controller.h:30[m[K,
                 from [01m[K/home/zheng/catkin_ws/src/panda_mpc/src/panda_controller.cpp:11[m[K:
[01m[K/home/zheng/catkin_ws/src/panda_mpc/include/robot/robot_model.h:[m[K In constructor '[01m[Krobot::robotModel::robotModel(ros::NodeHandle&, const string&, const string&, const string&)[m[K':
[01m[K/home/zheng/catkin_ws/src/panda_mpc/include/robot/robot_model.h:40:3:[m[K [01;31m[Kerror: [m[Kexpected '[01m[K;[m[K' before '[01m[K}[m[K' token
   [01;31m[K}[m[K
   [01;31m[K^[m[K
make[2]: *** [CMakeFiles/panda_mpc.dir/src/panda_controller.cpp.o] Error 1
make[2]: *** [CMakeFiles/panda_mpc.dir/src/controller.cpp.o] Error 1
In file included from [01m[K/home/zheng/catkin_ws/src/panda_mpc/include/controller/controller.hpp:42:0[m[K,
                 from [01m[K/home/zheng/catkin_ws/src/panda_mpc/src/panda_simulation.cpp:9[m[K:
[01m[K/home/zheng/catkin_ws/src/panda_mpc/include/robot/robot_model.h:[m[K In constructor '[01m[Krobot::robotModel::robotModel(ros::NodeHandle&, const string&, const string&, const string&)[m[K':
[01m[K/home/zheng/catkin_ws/src/panda_mpc/include/robot/robot_model.h:40:3:[m[K [01;31m[Kerror: [m[Kexpected '[01m[K;[m[K' before '[01m[K}[m[K' token
   [01;31m[K}[m[K
   [01;31m[K^[m[K
make[2]: *** [CMakeFiles/panda_mpc.dir/src/panda_simulation.cpp.o] Error 1
make[1]: *** [CMakeFiles/panda_mpc.dir/all] Error 2
make: *** [all] Error 2
