[01m[K/home/zheng/catkin_ws/src/panda_mpc/src/controller/controller.cpp:[m[K In member function '[01m[Kbool Controller::Controller::updateUI(panda_mpc::UI::Request&, panda_mpc::UI::Response&)[m[K':
[01m[K/home/zheng/catkin_ws/src/panda_mpc/src/controller/controller.cpp:425:9:[m[K [01;31m[Kerror: [m[K'[01m[KBuildTrajectory[m[K' was not declared in this scope
         [01;31m[KBuildTrajectory[m[K(X_curr_);
         [01;31m[K^~~~~~~~~~~~~~~[m[K
[01m[K/home/zheng/catkin_ws/src/panda_mpc/src/controller/controller.cpp:425:9:[m[K [01;36m[Knote: [m[Ksuggested alternative: '[01m[KpublishTrajectory[m[K'
         [01;36m[KBuildTrajectory[m[K(X_curr_);
         [01;36m[K^~~~~~~~~~~~~~~[m[K
         [32m[KpublishTrajectory[m[K
make[2]: *** [CMakeFiles/panda_mpc.dir/src/controller/controller.cpp.o] Error 1
make[2]: *** Waiting for unfinished jobs....
make[1]: *** [CMakeFiles/panda_mpc.dir/all] Error 2
make: *** [all] Error 2
